Linpack execution with 2 nodes and 16 processes
================================================================================
HPLinpack 2.3  --  High-Performance Linpack benchmark  --   December 2, 2018
Written by A. Petitet and R. Clint Whaley,  Innovative Computing Laboratory, UTK
Modified by Piotr Luszczek, Innovative Computing Laboratory, UTK
Modified by Julien Langou, University of Colorado Denver
================================================================================

An explanation of the input/output parameters follows:
T/V    : Wall time / encoded variant.
N      : The order of the coefficient matrix A.
NB     : The partitioning blocking factor.
P      : The number of process rows.
Q      : The number of process columns.
Time   : Time in seconds to solve the linear system.
Gflops : Rate of execution for solving the linear system.

The following parameter values will be used:

N      :   10000 
NB     :      32       64      128      256 
PMAP   : Row-major process mapping
P      :       1        2        4        8       16 
Q      :      16        8        4        2        1 
PFACT  :    Left 
NBMIN  :       2 
NDIV   :       2 
RFACT  :    Left 
BCAST  :   1ring 
DEPTH  :       0 
SWAP   : Mix (threshold = 64)
L1     : transposed form
U      : transposed form
EQUIL  : yes
ALIGN  : 8 double precision words

--------------------------------------------------------------------------------

- The matrix A is randomly generated for each test.
- The following scaled residual check will be computed:
      ||Ax-b||_oo / ( eps * ( || x ||_oo * || A ||_oo + || b ||_oo ) * N )
- The relative machine precision (eps) is taken to be               1.110223e-16
- Computational tests pass if scaled residuals are less than                16.0

================================================================================
T/V                N    NB     P     Q               Time                 Gflops
--------------------------------------------------------------------------------
WR00L2L2       10000    32     1    16               7.09             9.4030e+01
HPL_pdgesv() start time Fri May 14 16:10:13 2021

HPL_pdgesv() end time   Fri May 14 16:10:20 2021

--------------------------------------------------------------------------------
||Ax-b||_oo/(eps*(||A||_oo*||x||_oo+||b||_oo)*N)=   1.64712859e-03 ...... PASSED
================================================================================
T/V                N    NB     P     Q               Time                 Gflops
--------------------------------------------------------------------------------
WR00L2L2       10000    64     1    16               6.80             9.8021e+01
HPL_pdgesv() start time Fri May 14 16:10:23 2021

HPL_pdgesv() end time   Fri May 14 16:10:30 2021

--------------------------------------------------------------------------------
||Ax-b||_oo/(eps*(||A||_oo*||x||_oo+||b||_oo)*N)=   1.71482219e-03 ...... PASSED
================================================================================
T/V                N    NB     P     Q               Time                 Gflops
--------------------------------------------------------------------------------
WR00L2L2       10000   128     1    16               6.75             9.8816e+01
HPL_pdgesv() start time Fri May 14 16:10:32 2021

HPL_pdgesv() end time   Fri May 14 16:10:39 2021

--------------------------------------------------------------------------------
||Ax-b||_oo/(eps*(||A||_oo*||x||_oo+||b||_oo)*N)=   1.79610392e-03 ...... PASSED
================================================================================
T/V                N    NB     P     Q               Time                 Gflops
--------------------------------------------------------------------------------
WR00L2L2       10000   256     1    16               6.79             9.8162e+01
HPL_pdgesv() start time Fri May 14 16:10:42 2021

HPL_pdgesv() end time   Fri May 14 16:10:49 2021

--------------------------------------------------------------------------------
||Ax-b||_oo/(eps*(||A||_oo*||x||_oo+||b||_oo)*N)=   2.89056615e-03 ...... PASSED
================================================================================
T/V                N    NB     P     Q               Time                 Gflops
--------------------------------------------------------------------------------
WR00L2L2       10000    32     2     8               6.63             1.0060e+02
HPL_pdgesv() start time Fri May 14 16:10:51 2021

HPL_pdgesv() end time   Fri May 14 16:10:58 2021

--------------------------------------------------------------------------------
||Ax-b||_oo/(eps*(||A||_oo*||x||_oo+||b||_oo)*N)=   1.63514633e-03 ...... PASSED
================================================================================
T/V                N    NB     P     Q               Time                 Gflops
--------------------------------------------------------------------------------
WR00L2L2       10000    64     2     8               6.60             1.0099e+02
HPL_pdgesv() start time Fri May 14 16:11:01 2021

HPL_pdgesv() end time   Fri May 14 16:11:07 2021

--------------------------------------------------------------------------------
||Ax-b||_oo/(eps*(||A||_oo*||x||_oo+||b||_oo)*N)=   1.74619842e-03 ...... PASSED
================================================================================
T/V                N    NB     P     Q               Time                 Gflops
--------------------------------------------------------------------------------
WR00L2L2       10000   128     2     8               7.27             9.1711e+01
HPL_pdgesv() start time Fri May 14 16:11:10 2021

HPL_pdgesv() end time   Fri May 14 16:11:17 2021

--------------------------------------------------------------------------------
||Ax-b||_oo/(eps*(||A||_oo*||x||_oo+||b||_oo)*N)=   1.80635679e-03 ...... PASSED
================================================================================
T/V                N    NB     P     Q               Time                 Gflops
--------------------------------------------------------------------------------
WR00L2L2       10000   256     2     8               8.06             8.2684e+01
HPL_pdgesv() start time Fri May 14 16:11:20 2021

HPL_pdgesv() end time   Fri May 14 16:11:28 2021

--------------------------------------------------------------------------------
||Ax-b||_oo/(eps*(||A||_oo*||x||_oo+||b||_oo)*N)=   2.16255112e-03 ...... PASSED
================================================================================
T/V                N    NB     P     Q               Time                 Gflops
--------------------------------------------------------------------------------
WR00L2L2       10000    32     4     4               9.25             7.2062e+01
HPL_pdgesv() start time Fri May 14 16:11:30 2021

HPL_pdgesv() end time   Fri May 14 16:11:40 2021

--------------------------------------------------------------------------------
||Ax-b||_oo/(eps*(||A||_oo*||x||_oo+||b||_oo)*N)=   2.23215942e-03 ...... PASSED
================================================================================
T/V                N    NB     P     Q               Time                 Gflops
--------------------------------------------------------------------------------
WR00L2L2       10000    64     4     4               9.34             7.1356e+01
HPL_pdgesv() start time Fri May 14 16:11:42 2021

HPL_pdgesv() end time   Fri May 14 16:11:52 2021

--------------------------------------------------------------------------------
||Ax-b||_oo/(eps*(||A||_oo*||x||_oo+||b||_oo)*N)=   2.43474610e-03 ...... PASSED
================================================================================
T/V                N    NB     P     Q               Time                 Gflops
--------------------------------------------------------------------------------
WR00L2L2       10000   128     4     4              10.39             6.4168e+01
HPL_pdgesv() start time Fri May 14 16:11:54 2021

HPL_pdgesv() end time   Fri May 14 16:12:04 2021

--------------------------------------------------------------------------------
||Ax-b||_oo/(eps*(||A||_oo*||x||_oo+||b||_oo)*N)=   2.22845356e-03 ...... PASSED
================================================================================
T/V                N    NB     P     Q               Time                 Gflops
--------------------------------------------------------------------------------
WR00L2L2       10000   256     4     4              11.19             5.9592e+01
HPL_pdgesv() start time Fri May 14 16:12:07 2021

HPL_pdgesv() end time   Fri May 14 16:12:18 2021

--------------------------------------------------------------------------------
||Ax-b||_oo/(eps*(||A||_oo*||x||_oo+||b||_oo)*N)=   2.50169853e-03 ...... PASSED
================================================================================
T/V                N    NB     P     Q               Time                 Gflops
--------------------------------------------------------------------------------
WR00L2L2       10000    32     8     2              14.76             4.5168e+01
HPL_pdgesv() start time Fri May 14 16:12:21 2021

HPL_pdgesv() end time   Fri May 14 16:12:36 2021

--------------------------------------------------------------------------------
||Ax-b||_oo/(eps*(||A||_oo*||x||_oo+||b||_oo)*N)=   2.43869901e-03 ...... PASSED
================================================================================
T/V                N    NB     P     Q               Time                 Gflops
--------------------------------------------------------------------------------
WR00L2L2       10000    64     8     2              15.50             4.3007e+01
HPL_pdgesv() start time Fri May 14 16:12:38 2021

HPL_pdgesv() end time   Fri May 14 16:12:54 2021

--------------------------------------------------------------------------------
||Ax-b||_oo/(eps*(||A||_oo*||x||_oo+||b||_oo)*N)=   2.61534472e-03 ...... PASSED
================================================================================
T/V                N    NB     P     Q               Time                 Gflops
--------------------------------------------------------------------------------
WR00L2L2       10000   128     8     2              15.95             4.1812e+01
HPL_pdgesv() start time Fri May 14 16:12:56 2021

HPL_pdgesv() end time   Fri May 14 16:13:12 2021

--------------------------------------------------------------------------------
||Ax-b||_oo/(eps*(||A||_oo*||x||_oo+||b||_oo)*N)=   2.82620782e-03 ...... PASSED
================================================================================
T/V                N    NB     P     Q               Time                 Gflops
--------------------------------------------------------------------------------
WR00L2L2       10000   256     8     2              16.52             4.0356e+01
HPL_pdgesv() start time Fri May 14 16:13:15 2021

HPL_pdgesv() end time   Fri May 14 16:13:31 2021

--------------------------------------------------------------------------------
||Ax-b||_oo/(eps*(||A||_oo*||x||_oo+||b||_oo)*N)=   2.72355566e-03 ...... PASSED
================================================================================
T/V                N    NB     P     Q               Time                 Gflops
--------------------------------------------------------------------------------
WR00L2L2       10000    32    16     1              25.29             2.6366e+01
HPL_pdgesv() start time Fri May 14 16:13:34 2021

HPL_pdgesv() end time   Fri May 14 16:13:59 2021

--------------------------------------------------------------------------------
||Ax-b||_oo/(eps*(||A||_oo*||x||_oo+||b||_oo)*N)=   2.67791189e-03 ...... PASSED
================================================================================
T/V                N    NB     P     Q               Time                 Gflops
--------------------------------------------------------------------------------
WR00L2L2       10000    64    16     1              25.72             2.5922e+01
HPL_pdgesv() start time Fri May 14 16:14:02 2021

HPL_pdgesv() end time   Fri May 14 16:14:28 2021

--------------------------------------------------------------------------------
||Ax-b||_oo/(eps*(||A||_oo*||x||_oo+||b||_oo)*N)=   3.07808236e-03 ...... PASSED
================================================================================
T/V                N    NB     P     Q               Time                 Gflops
--------------------------------------------------------------------------------
WR00L2L2       10000   128    16     1              27.25             2.4473e+01
HPL_pdgesv() start time Fri May 14 16:14:30 2021

HPL_pdgesv() end time   Fri May 14 16:14:57 2021

--------------------------------------------------------------------------------
||Ax-b||_oo/(eps*(||A||_oo*||x||_oo+||b||_oo)*N)=   2.97644546e-03 ...... PASSED
================================================================================
T/V                N    NB     P     Q               Time                 Gflops
--------------------------------------------------------------------------------
WR00L2L2       10000   256    16     1              28.03             2.3789e+01
HPL_pdgesv() start time Fri May 14 16:15:00 2021

HPL_pdgesv() end time   Fri May 14 16:15:28 2021

--------------------------------------------------------------------------------
||Ax-b||_oo/(eps*(||A||_oo*||x||_oo+||b||_oo)*N)=   2.57158476e-03 ...... PASSED
================================================================================

Finished     20 tests with the following results:
             20 tests completed and passed residual checks,
              0 tests completed and failed residual checks,
              0 tests skipped because of illegal input values.
--------------------------------------------------------------------------------

End of Tests.
================================================================================
